# JRE version: Java(TM) SE Runtime Environment 18.9 (11.0.23+7) (build 11.0.23+7-LTS-222)
# Java VM: Java HotSpot(TM) 64-Bit Server VM 18.9 (11.0.23+7-LTS-222, mixed mode, tiered, compressed oops, g1 gc, windows-amd64)
Heap:
 garbage-first heap   total 95232K, used 58026K [0x00000000c1800000, 0x0000000100000000)
  region size 1024K, 9 young (9216K), 3 survivors (3072K)
 Metaspace       used 34873K, capacity 35664K, committed 35840K, reserved 1081344K
  class space    used 3754K, capacity 4059K, committed 4096K, reserved 1048576K
GC Heap History (10 events):
Event: 21.932 GC heap before
{Heap before GC invocations=11 (full 0):
 garbage-first heap   total 78848K, used 58993K [0x00000000c1800000, 0x0000000100000000)
  region size 1024K, 38 young (38912K), 5 survivors (5120K)
 Metaspace       used 33921K, capacity 34745K, committed 34944K, reserved 1081344K
  class space    used 3668K, capacity 3968K, committed 3968K, reserved 1048576K
}
Event: 21.974 GC heap after
{Heap after GC invocations=12 (full 0):
 garbage-first heap   total 78848K, used 37755K [0x00000000c1800000, 0x0000000100000000)
  region size 1024K, 5 young (5120K), 5 survivors (5120K)
 Metaspace       used 33921K, capacity 34745K, committed 34944K, reserved 1081344K
  class space    used 3668K, capacity 3968K, committed 3968K, reserved 1048576K
}
Event: 23.383 GC heap before
{Heap before GC invocations=12 (full 0):
 garbage-first heap   total 78848K, used 47995K [0x00000000c1800000, 0x0000000100000000)
  region size 1024K, 13 young (13312K), 5 survivors (5120K)
 Metaspace       used 34637K, capacity 35522K, committed 35584K, reserved 1081344K
  class space    used 3748K, capacity 4056K, committed 4096K, reserved 1048576K
}
Event: 23.448 GC heap after
{Heap after GC invocations=13 (full 0):
 garbage-first heap   total 95232K, used 37332K [0x00000000c1800000, 0x0000000100000000)
  region size 1024K, 1 young (1024K), 1 survivors (1024K)
 Metaspace       used 34637K, capacity 35522K, committed 35584K, reserved 1081344K
  class space    used 3748K, capacity 4056K, committed 4096K, reserved 1048576K
}
Event: 28.390 GC heap before
{Heap before GC invocations=14 (full 0):
 garbage-first heap   total 95232K, used 66004K [0x00000000c1800000, 0x0000000100000000)
  region size 1024K, 28 young (28672K), 1 survivors (1024K)
 Metaspace       used 34729K, capacity 35589K, committed 35840K, reserved 1081344K
  class space    used 3748K, capacity 4056K, committed 4096K, reserved 1048576K
}
Event: 28.422 GC heap after
{Heap after GC invocations=15 (full 0):
 garbage-first heap   total 95232K, used 45056K [0x00000000c1800000, 0x0000000100000000)
  region size 1024K, 4 young (4096K), 4 survivors (4096K)
 Metaspace       used 34729K, capacity 35589K, committed 35840K, reserved 1081344K
  class space    used 3748K, capacity 4056K, committed 4096K, reserved 1048576K
}
Event: 28.576 GC heap before
{Heap before GC invocations=15 (full 0):
 garbage-first heap   total 95232K, used 45056K [0x00000000c1800000, 0x0000000100000000)
  region size 1024K, 5 young (5120K), 4 survivors (4096K)
 Metaspace       used 34729K, capacity 35589K, committed 35840K, reserved 1081344K
  class space    used 3748K, capacity 4056K, committed 4096K, reserved 1048576K
}
Event: 28.587 GC heap after
{Heap after GC invocations=16 (full 0):
 garbage-first heap   total 95232K, used 42863K [0x00000000c1800000, 0x0000000100000000)
  region size 1024K, 1 young (1024K), 1 survivors (1024K)
 Metaspace       used 34729K, capacity 35589K, committed 35840K, reserved 1081344K
  class space    used 3748K, capacity 4056K, committed 4096K, reserved 1048576K
}
Event: 34.843 GC heap before
{Heap before GC invocations=16 (full 0):
 garbage-first heap   total 95232K, used 64367K [0x00000000c1800000, 0x0000000100000000)
  region size 1024K, 23 young (23552K), 1 survivors (1024K)
 Metaspace       used 34823K, capacity 35663K, committed 35840K, reserved 1081344K
  class space    used 3754K, capacity 4059K, committed 4096K, reserved 1048576K
}
Event: 34.880 GC heap after
{Heap after GC invocations=17 (full 0):
 garbage-first heap   total 95232K, used 52906K [0x00000000c1800000, 0x0000000100000000)
  region size 1024K, 3 young (3072K), 3 survivors (3072K)
 Metaspace       used 34823K, capacity 35663K, committed 35840K, reserved 1081344K
  class space    used 3754K, capacity 4059K, committed 4096K, reserved 1048576K
}

